{"name":"provi-api","hostname":"ales-pro","pid":16200,"level":30,"msg":"Database connected on dbName provi","time":"2020-02-02T01:17:48.726Z","v":0}
{"name":"provi-api","hostname":"ales-pro","pid":16200,"level":30,"msg":"Application is running on port 3000","time":"2020-02-02T01:17:49.834Z","v":0}
{"name":"provi-api","hostname":"ales-pro","pid":16200,"level":30,"msg":"Creating user with { email: 'alee', password: '123' }","time":"2020-02-02T01:20:18.249Z","v":0}
{"name":"provi-api","hostname":"ales-pro","pid":16200,"level":50,"msg":"There is an error on SignUp Adapter {}","time":"2020-02-02T01:20:18.323Z","v":0}
{"name":"provi-api","hostname":"ales-pro","pid":16215,"level":30,"msg":"Database connected on dbName provi","time":"2020-02-02T01:20:53.765Z","v":0}
{"name":"provi-api","hostname":"ales-pro","pid":16215,"level":30,"msg":"Application is running on port 3000","time":"2020-02-02T01:20:54.381Z","v":0}
{"name":"provi-api","hostname":"ales-pro","pid":16215,"level":30,"msg":"Creating user with { email: 'alee', password: '123' }","time":"2020-02-02T01:21:24.590Z","v":0}
{"name":"provi-api","hostname":"ales-pro","pid":16215,"level":50,"msg":"There is an error on SignUp Adapter {}","time":"2020-02-02T01:21:24.664Z","v":0}
{"name":"provi-api","hostname":"ales-pro","pid":16229,"level":30,"msg":"Database connected on dbName provi","time":"2020-02-02T01:22:27.771Z","v":0}
{"name":"provi-api","hostname":"ales-pro","pid":16229,"level":30,"msg":"Application is running on port 3000","time":"2020-02-02T01:22:28.412Z","v":0}
{"name":"provi-api","hostname":"ales-pro","pid":16229,"level":30,"msg":"Creating user with { email: 'alee', password: '123' }","time":"2020-02-02T01:22:55.374Z","v":0}
{"name":"provi-api","hostname":"ales-pro","pid":16229,"level":50,"msg":"There is an error on SignUp Adapter {}","time":"2020-02-02T01:22:55.420Z","v":0}
{"name":"provi-api","hostname":"ales-pro","pid":16240,"level":30,"msg":"Database connected on dbName provi","time":"2020-02-02T01:24:53.061Z","v":0}
{"name":"provi-api","hostname":"ales-pro","pid":16240,"level":30,"msg":"Application is running on port 3000","time":"2020-02-02T01:24:54.524Z","v":0}
{"name":"provi-api","hostname":"ales-pro","pid":16240,"level":30,"msg":"Creating user with { email: 'alee', password: '123' }","time":"2020-02-02T01:25:11.816Z","v":0}
{"name":"provi-api","hostname":"ales-pro","pid":16240,"level":50,"msg":"There is an error on SignUp Adapter {}","time":"2020-02-02T01:25:11.948Z","v":0}
{"name":"provi-api","hostname":"ales-pro","pid":16252,"level":30,"msg":"Database connected on dbName provi","time":"2020-02-02T01:25:44.392Z","v":0}
{"name":"provi-api","hostname":"ales-pro","pid":16252,"level":30,"msg":"Application is running on port 3000","time":"2020-02-02T01:25:45.255Z","v":0}
{"name":"provi-api","hostname":"ales-pro","pid":16263,"level":30,"msg":"Database connected on dbName provi","time":"2020-02-02T01:25:49.428Z","v":0}
{"name":"provi-api","hostname":"ales-pro","pid":16263,"level":30,"msg":"Application is running on port 3000","time":"2020-02-02T01:25:50.236Z","v":0}
{"name":"provi-api","hostname":"ales-pro","pid":16263,"level":30,"msg":"Creating user with { email: 'alee', password: '123' }","time":"2020-02-02T01:25:56.849Z","v":0}
{"name":"provi-api","hostname":"ales-pro","pid":16263,"level":50,"msg":"There is an error on SignUp Adapter {}","time":"2020-02-02T01:25:56.889Z","v":0}
{"name":"provi-api","hostname":"ales-pro","pid":16273,"level":30,"msg":"Database connected on dbName provi","time":"2020-02-02T01:26:44.529Z","v":0}
{"name":"provi-api","hostname":"ales-pro","pid":16273,"level":30,"msg":"Application is running on port 3000","time":"2020-02-02T01:26:45.724Z","v":0}
{"name":"provi-api","hostname":"ales-pro","pid":16273,"level":30,"msg":"Creating user with { email: 'alee', password: '123' }","time":"2020-02-02T01:27:07.975Z","v":0}
{"name":"provi-api","hostname":"ales-pro","pid":16273,"level":50,"msg":"There is an error on SignUp Adapter {}","time":"2020-02-02T01:27:08.017Z","v":0}
{"name":"provi-api","hostname":"ales-pro","pid":16293,"level":30,"msg":"Database connected on dbName provi","time":"2020-02-02T01:30:54.214Z","v":0}
{"name":"provi-api","hostname":"ales-pro","pid":16293,"level":30,"msg":"Application is running on port 3000","time":"2020-02-02T01:30:54.877Z","v":0}
{"name":"provi-api","hostname":"ales-pro","pid":16293,"level":30,"msg":"Creating user with { email: 'alee', password: '123' }","time":"2020-02-02T01:31:05.025Z","v":0}
{"name":"provi-api","hostname":"ales-pro","pid":16303,"level":30,"msg":"Database connected on dbName provi","time":"2020-02-02T01:33:42.097Z","v":0}
{"name":"provi-api","hostname":"ales-pro","pid":16303,"level":30,"msg":"Application is running on port 3000","time":"2020-02-02T01:33:42.810Z","v":0}
{"name":"provi-api","hostname":"ales-pro","pid":16313,"level":30,"msg":"Database connected on dbName provi","time":"2020-02-02T01:33:57.201Z","v":0}
{"name":"provi-api","hostname":"ales-pro","pid":16313,"level":30,"msg":"Application is running on port 3000","time":"2020-02-02T01:33:57.677Z","v":0}
{"name":"provi-api","hostname":"ales-pro","pid":16323,"level":30,"msg":"Database connected on dbName provi","time":"2020-02-02T01:34:00.164Z","v":0}
{"name":"provi-api","hostname":"ales-pro","pid":16323,"level":30,"msg":"Application is running on port 3000","time":"2020-02-02T01:34:00.454Z","v":0}
{"name":"provi-api","hostname":"ales-pro","pid":16323,"level":30,"msg":"Creating user with { email: 'alee', password: '123' }","time":"2020-02-02T01:34:09.322Z","v":0}
{"name":"provi-api","hostname":"ales-pro","pid":16353,"level":30,"msg":"Database connected on dbName provi","time":"2020-02-02T01:38:19.648Z","v":0}
{"name":"provi-api","hostname":"ales-pro","pid":16353,"level":30,"msg":"Application is running on port 3000","time":"2020-02-02T01:38:20.150Z","v":0}
{"name":"provi-api","hostname":"ales-pro","pid":16369,"level":30,"msg":"Database connected on dbName provi","time":"2020-02-02T01:39:04.814Z","v":0}
{"name":"provi-api","hostname":"ales-pro","pid":16369,"level":30,"msg":"Application is running on port 3000","time":"2020-02-02T01:39:05.496Z","v":0}
{"name":"provi-api","hostname":"ales-pro","pid":16391,"level":30,"msg":"Database connected on dbName provi","time":"2020-02-02T01:39:49.619Z","v":0}
{"name":"provi-api","hostname":"ales-pro","pid":16391,"level":30,"msg":"Application is running on port 3000","time":"2020-02-02T01:39:50.204Z","v":0}
{"name":"provi-api","hostname":"ales-pro","pid":16404,"level":30,"msg":"Database connected on dbName provi","time":"2020-02-02T01:39:53.368Z","v":0}
{"name":"provi-api","hostname":"ales-pro","pid":16404,"level":30,"msg":"Application is running on port 3000","time":"2020-02-02T01:39:53.780Z","v":0}
{"name":"provi-api","hostname":"ales-pro","pid":16415,"level":30,"msg":"Database connected on dbName provi","time":"2020-02-02T01:40:04.088Z","v":0}
{"name":"provi-api","hostname":"ales-pro","pid":16435,"level":30,"msg":"Database connected on dbName provi","time":"2020-02-02T01:40:49.117Z","v":0}
{"name":"provi-api","hostname":"ales-pro","pid":16445,"level":30,"msg":"Database connected on dbName provi","time":"2020-02-02T01:41:06.427Z","v":0}
{"name":"provi-api","hostname":"ales-pro","pid":16456,"level":30,"msg":"Database connected on dbName provi","time":"2020-02-02T01:41:09.910Z","v":0}
{"name":"provi-api","hostname":"ales-pro","pid":16468,"level":30,"msg":"Database connected on dbName provi","time":"2020-02-02T01:41:49.498Z","v":0}
{"name":"provi-api","hostname":"ales-pro","pid":16468,"level":30,"msg":"Application is running on port 3000","time":"2020-02-02T01:41:50.009Z","v":0}
{"name":"provi-api","hostname":"ales-pro","pid":16480,"level":30,"msg":"Database connected on dbName provi","time":"2020-02-02T01:42:49.466Z","v":0}
{"name":"provi-api","hostname":"ales-pro","pid":16480,"level":30,"msg":"Application is running on port 3000","time":"2020-02-02T01:42:50.165Z","v":0}
{"name":"provi-api","hostname":"ales-pro","pid":16480,"level":30,"msg":"Creating user with { email: 'alee', password: '123' }","time":"2020-02-02T01:43:12.101Z","v":0}
{"name":"provi-api","hostname":"ales-pro","pid":16480,"level":30,"msg":"Craeting the first Sequence of endpoints with  [ 'user',\n  'cpf',\n  'full-name',\n  'birth-date',\n  'phone-number',\n  'address',\n  'amount-requested' ]","time":"2020-02-02T01:43:12.135Z","v":0}
{"name":"provi-api","hostname":"ales-pro","pid":16491,"level":30,"msg":"Database connected on dbName provi","time":"2020-02-02T01:43:38.155Z","v":0}
{"name":"provi-api","hostname":"ales-pro","pid":16491,"level":30,"msg":"Application is running on port 3000","time":"2020-02-02T01:43:38.787Z","v":0}
{"name":"provi-api","hostname":"ales-pro","pid":16502,"level":30,"msg":"Database connected on dbName provi","time":"2020-02-02T01:44:00.791Z","v":0}
{"name":"provi-api","hostname":"ales-pro","pid":16502,"level":30,"msg":"Application is running on port 3000","time":"2020-02-02T01:44:01.979Z","v":0}
{"name":"provi-api","hostname":"ales-pro","pid":16513,"level":30,"msg":"Database connected on dbName provi","time":"2020-02-02T01:45:07.648Z","v":0}
{"name":"provi-api","hostname":"ales-pro","pid":16523,"level":30,"msg":"Database connected on dbName provi","time":"2020-02-02T01:45:39.795Z","v":0}
{"name":"provi-api","hostname":"ales-pro","pid":16523,"level":30,"msg":"Application is running on port 3000","time":"2020-02-02T01:45:40.475Z","v":0}
{"name":"provi-api","hostname":"ales-pro","pid":16557,"level":30,"msg":"Database connected on dbName provi","time":"2020-02-02T01:53:33.194Z","v":0}
{"name":"provi-api","hostname":"ales-pro","pid":16557,"level":30,"msg":"Application is running on port 3000","time":"2020-02-02T01:53:34.335Z","v":0}
{"name":"provi-api","hostname":"ales-pro","pid":16557,"level":30,"msg":"Creating user with { email: 'alee', password: '123' }","time":"2020-02-02T01:53:43.116Z","v":0}
{"name":"provi-api","hostname":"ales-pro","pid":16557,"level":30,"msg":"Craeting the first Sequence of endpoints with  [ 'user',\n  'cpf',\n  'full-name',\n  'birth-date',\n  'phone-number',\n  'address',\n  'amount-requested' ]","time":"2020-02-02T01:53:43.202Z","v":0}
{"name":"provi-api","hostname":"ales-pro","pid":16557,"level":50,"msg":"There is an error on SignUp Adapter {}","time":"2020-02-02T01:53:43.226Z","v":0}
{"name":"provi-api","hostname":"ales-pro","pid":16569,"level":30,"msg":"Database connected on dbName provi","time":"2020-02-02T01:54:10.346Z","v":0}
{"name":"provi-api","hostname":"ales-pro","pid":16569,"level":30,"msg":"Application is running on port 3000","time":"2020-02-02T01:54:10.913Z","v":0}
{"name":"provi-api","hostname":"ales-pro","pid":16569,"level":30,"msg":"Creating user with { email: 'alee', password: '123' }","time":"2020-02-02T01:54:17.990Z","v":0}
{"name":"provi-api","hostname":"ales-pro","pid":16569,"level":30,"msg":"Craeting the first Sequence of endpoints with  [ 'user',\n  'cpf',\n  'full-name',\n  'birth-date',\n  'phone-number',\n  'address',\n  'amount-requested' ]","time":"2020-02-02T01:54:18.033Z","v":0}
{"name":"provi-api","hostname":"ales-pro","pid":16569,"level":50,"msg":"There is an error on SignUp Adapter {}","time":"2020-02-02T01:54:18.072Z","v":0}
{"name":"provi-api","hostname":"ales-pro","pid":16580,"level":30,"msg":"Database connected on dbName provi","time":"2020-02-02T01:54:35.070Z","v":0}
{"name":"provi-api","hostname":"ales-pro","pid":16580,"level":30,"msg":"Application is running on port 3000","time":"2020-02-02T01:54:35.855Z","v":0}
{"name":"provi-api","hostname":"ales-pro","pid":16580,"level":30,"msg":"Creating user with { email: 'alee', password: '123' }","time":"2020-02-02T01:55:27.913Z","v":0}
{"name":"provi-api","hostname":"ales-pro","pid":16580,"level":30,"msg":"Craeting the first Sequence of endpoints with  [ 'user',\n  'cpf',\n  'full-name',\n  'birth-date',\n  'phone-number',\n  'address',\n  'amount-requested' ]","time":"2020-02-02T01:55:27.948Z","v":0}
{"name":"provi-api","hostname":"ales-pro","pid":16595,"level":30,"msg":"Database connected on dbName provi","time":"2020-02-02T01:55:47.157Z","v":0}
{"name":"provi-api","hostname":"ales-pro","pid":16595,"level":30,"msg":"Application is running on port 3000","time":"2020-02-02T01:55:48.774Z","v":0}
{"name":"provi-api","hostname":"ales-pro","pid":16609,"level":30,"msg":"Database connected on dbName provi","time":"2020-02-02T01:56:37.987Z","v":0}
{"name":"provi-api","hostname":"ales-pro","pid":16609,"level":30,"msg":"Application is running on port 3000","time":"2020-02-02T01:56:38.493Z","v":0}
{"name":"provi-api","hostname":"ales-pro","pid":16609,"level":30,"msg":"Creating user with { email: 'alee', password: '123' }","time":"2020-02-02T01:56:48.216Z","v":0}
{"name":"provi-api","hostname":"ales-pro","pid":16609,"level":30,"msg":"Craeting the first Sequence of endpoints with  [ 'user',\n  'cpf',\n  'full-name',\n  'birth-date',\n  'phone-number',\n  'address',\n  'amount-requested' ]","time":"2020-02-02T01:56:48.264Z","v":0}
{"name":"provi-api","hostname":"ales-pro","pid":16620,"level":30,"msg":"Database connected on dbName provi","time":"2020-02-02T01:57:18.769Z","v":0}
{"name":"provi-api","hostname":"ales-pro","pid":16620,"level":30,"msg":"Application is running on port 3000","time":"2020-02-02T01:57:19.563Z","v":0}
{"name":"provi-api","hostname":"ales-pro","pid":16630,"level":30,"msg":"Database connected on dbName provi","time":"2020-02-02T01:57:22.024Z","v":0}
{"name":"provi-api","hostname":"ales-pro","pid":16630,"level":30,"msg":"Application is running on port 3000","time":"2020-02-02T01:57:22.687Z","v":0}
{"name":"provi-api","hostname":"ales-pro","pid":16630,"level":30,"msg":"Creating user with { email: 'alee', password: '123' }","time":"2020-02-02T01:57:28.812Z","v":0}
{"name":"provi-api","hostname":"ales-pro","pid":16630,"level":30,"msg":"Craeting the first Sequence of endpoints with  [ 'user',\n  'cpf',\n  'full-name',\n  'birth-date',\n  'phone-number',\n  'address',\n  'amount-requested' ]","time":"2020-02-02T01:57:28.845Z","v":0}
{"name":"provi-api","hostname":"ales-pro","pid":16641,"level":30,"msg":"Database connected on dbName provi","time":"2020-02-02T01:57:44.645Z","v":0}
{"name":"provi-api","hostname":"ales-pro","pid":16641,"level":30,"msg":"Application is running on port 3000","time":"2020-02-02T01:57:45.902Z","v":0}
{"name":"provi-api","hostname":"ales-pro","pid":16641,"level":30,"msg":"Making login with user email alee","time":"2020-02-02T01:58:05.349Z","v":0}
{"name":"provi-api","hostname":"ales-pro","pid":16641,"level":30,"msg":"Making login with user email alee","time":"2020-02-02T01:58:10.936Z","v":0}
{"name":"provi-api","hostname":"ales-pro","pid":16641,"level":30,"msg":"Creating cpf with 77470927093","time":"2020-02-02T01:58:25.145Z","v":0}
{"name":"provi-api","hostname":"ales-pro","pid":16641,"level":50,"msg":"There is an error on CPF Adapter {}","time":"2020-02-02T01:58:25.216Z","v":0}
{"name":"provi-api","hostname":"ales-pro","pid":16654,"level":30,"msg":"Database connected on dbName provi","time":"2020-02-02T01:58:43.746Z","v":0}
{"name":"provi-api","hostname":"ales-pro","pid":16654,"level":30,"msg":"Application is running on port 3000","time":"2020-02-02T01:58:44.837Z","v":0}
{"name":"provi-api","hostname":"ales-pro","pid":16654,"level":30,"msg":"Creating cpf with 77470927093","time":"2020-02-02T01:58:48.830Z","v":0}
{"name":"provi-api","hostname":"ales-pro","pid":16654,"level":30,"msg":"Creating cpf with 77470927093","time":"2020-02-02T01:58:51.176Z","v":0}
{"name":"provi-api","hostname":"ales-pro","pid":16664,"level":30,"msg":"Database connected on dbName provi","time":"2020-02-02T02:01:25.348Z","v":0}
{"name":"provi-api","hostname":"ales-pro","pid":16664,"level":30,"msg":"Application is running on port 3000","time":"2020-02-02T02:01:25.936Z","v":0}
{"name":"provi-api","hostname":"ales-pro","pid":16664,"level":30,"msg":"Creating cpf with 77470927093","time":"2020-02-02T02:01:28.873Z","v":0}
{"name":"provi-api","hostname":"ales-pro","pid":16664,"level":30,"msg":"Getting the next endpoint to cpf  undefined","time":"2020-02-02T02:01:28.950Z","v":0}
{"name":"provi-api","hostname":"ales-pro","pid":16682,"level":30,"msg":"Database connected on dbName provi","time":"2020-02-02T02:02:38.882Z","v":0}
{"name":"provi-api","hostname":"ales-pro","pid":16682,"level":30,"msg":"Application is running on port 3000","time":"2020-02-02T02:02:39.382Z","v":0}
{"name":"provi-api","hostname":"ales-pro","pid":16682,"level":30,"msg":"Creating cpf with 77470927093","time":"2020-02-02T02:02:44.571Z","v":0}
{"name":"provi-api","hostname":"ales-pro","pid":16682,"level":30,"msg":"the current sequence of Endpoint is  { _id: 'd0641ce2-19ed-4da3-a47d-4561169e420a',\n  event: 1,\n  order:\n   [ 'user',\n     'cpf',\n     'full-name',\n     'birth-date',\n     'phone-number',\n     'address',\n     'amount-requested' ] }","time":"2020-02-02T02:02:44.663Z","v":0}
{"name":"provi-api","hostname":"ales-pro","pid":16682,"level":30,"msg":"Getting the next endpoint to cpf  undefined","time":"2020-02-02T02:02:44.675Z","v":0}
{"name":"provi-api","hostname":"ales-pro","pid":16693,"level":30,"msg":"Database connected on dbName provi","time":"2020-02-02T02:03:22.271Z","v":0}
{"name":"provi-api","hostname":"ales-pro","pid":16693,"level":30,"msg":"Application is running on port 3000","time":"2020-02-02T02:03:23.330Z","v":0}
{"name":"provi-api","hostname":"ales-pro","pid":16693,"level":30,"msg":"Creating cpf with 77470927093","time":"2020-02-02T02:03:24.428Z","v":0}
{"name":"provi-api","hostname":"ales-pro","pid":16693,"level":30,"msg":"The current sequence of Endpoint is  { _id: 'd0641ce2-19ed-4da3-a47d-4561169e420a',\n  event: 1,\n  order:\n   [ 'user',\n     'cpf',\n     'full-name',\n     'birth-date',\n     'phone-number',\n     'address',\n     'amount-requested' ] }","time":"2020-02-02T02:03:24.465Z","v":0}
{"name":"provi-api","hostname":"ales-pro","pid":16693,"level":30,"msg":"Getting the next endpoint to cpf  undefined","time":"2020-02-02T02:03:24.479Z","v":0}
{"name":"provi-api","hostname":"ales-pro","pid":16704,"level":30,"msg":"Database connected on dbName provi","time":"2020-02-02T02:03:46.379Z","v":0}
{"name":"provi-api","hostname":"ales-pro","pid":16704,"level":30,"msg":"Application is running on port 3000","time":"2020-02-02T02:03:47.401Z","v":0}
{"name":"provi-api","hostname":"ales-pro","pid":16704,"level":30,"msg":"Creating cpf with 77470927093","time":"2020-02-02T02:03:48.074Z","v":0}
{"name":"provi-api","hostname":"ales-pro","pid":16704,"level":30,"msg":"The current sequence of Endpoint is  { _id: 'd0641ce2-19ed-4da3-a47d-4561169e420a',\n  event: 1,\n  order:\n   [ 'user',\n     'cpf',\n     'full-name',\n     'birth-date',\n     'phone-number',\n     'address',\n     'amount-requested' ] }","time":"2020-02-02T02:03:48.151Z","v":0}
{"name":"provi-api","hostname":"ales-pro","pid":16704,"level":30,"msg":"Getting the next endpoint to cpf  full-name","time":"2020-02-02T02:03:48.161Z","v":0}
{"name":"provi-api","hostname":"ales-pro","pid":16715,"level":30,"msg":"Database connected on dbName provi","time":"2020-02-02T02:04:11.158Z","v":0}
{"name":"provi-api","hostname":"ales-pro","pid":16715,"level":30,"msg":"Application is running on port 3000","time":"2020-02-02T02:04:11.816Z","v":0}
{"name":"provi-api","hostname":"ales-pro","pid":16725,"level":30,"msg":"Database connected on dbName provi","time":"2020-02-02T02:05:04.798Z","v":0}
{"name":"provi-api","hostname":"ales-pro","pid":16725,"level":30,"msg":"Application is running on port 3000","time":"2020-02-02T02:05:05.518Z","v":0}
{"name":"provi-api","hostname":"ales-pro","pid":16737,"level":30,"msg":"Database connected on dbName provi","time":"2020-02-02T02:05:19.332Z","v":0}
{"name":"provi-api","hostname":"ales-pro","pid":16737,"level":30,"msg":"Application is running on port 3000","time":"2020-02-02T02:05:20.040Z","v":0}
{"name":"provi-api","hostname":"ales-pro","pid":16737,"level":30,"msg":"Creating fullname with Alexandre Manoel da Silva","time":"2020-02-02T02:05:33.522Z","v":0}
{"name":"provi-api","hostname":"ales-pro","pid":16737,"level":50,"msg":"There is an error on Fullname Adapter {}","time":"2020-02-02T02:05:33.600Z","v":0}
{"name":"provi-api","hostname":"ales-pro","pid":16756,"level":30,"msg":"Database connected on dbName provi","time":"2020-02-02T02:05:51.627Z","v":0}
{"name":"provi-api","hostname":"ales-pro","pid":16756,"level":30,"msg":"Application is running on port 3000","time":"2020-02-02T02:05:53.662Z","v":0}
{"name":"provi-api","hostname":"ales-pro","pid":16756,"level":30,"msg":"Creating fullname with Alexandre Manoel da Silva","time":"2020-02-02T02:05:54.687Z","v":0}
{"name":"provi-api","hostname":"ales-pro","pid":16756,"level":30,"msg":"Getting the next endpoint to full-name birth-date","time":"2020-02-02T02:05:54.789Z","v":0}
{"name":"provi-api","hostname":"ales-pro","pid":17346,"level":30,"msg":"Database connected on dbName provi","time":"2020-02-02T14:50:05.230Z","v":0}
{"name":"provi-api","hostname":"ales-pro","pid":17346,"level":30,"msg":"Application is running on port 3000","time":"2020-02-02T14:50:06.459Z","v":0}
{"name":"provi-api","hostname":"ales-pro","pid":17356,"level":30,"msg":"Database connected on dbName provi","time":"2020-02-02T14:53:44.220Z","v":0}
{"name":"provi-api","hostname":"ales-pro","pid":17356,"level":30,"msg":"Application is running on port 3000","time":"2020-02-02T14:53:44.897Z","v":0}
{"name":"provi-api","hostname":"ales-pro","pid":17356,"level":30,"msg":"Creating cpf with 77470927093","time":"2020-02-02T14:54:13.315Z","v":0}
{"name":"provi-api","hostname":"ales-pro","pid":17356,"level":30,"msg":"The current endpoints sequence is from event undefined","time":"2020-02-02T14:54:13.587Z","v":0}
{"name":"provi-api","hostname":"ales-pro","pid":17356,"level":30,"msg":"The current sequence of Endpoint is { _id: 'd0641ce2-19ed-4da3-a47d-4561169e420a',\n  event: 1,\n  order:\n   [ 'user',\n     'cpf',\n     'full-name',\n     'birth-date',\n     'phone-number',\n     'address',\n     'amount-requested' ] }","time":"2020-02-02T14:54:13.608Z","v":0}
{"name":"provi-api","hostname":"ales-pro","pid":17356,"level":30,"msg":"Getting the next endpoint to cpf full-name","time":"2020-02-02T14:54:13.683Z","v":0}
{"name":"provi-api","hostname":"ales-pro","pid":17366,"level":30,"msg":"Database connected on dbName provi","time":"2020-02-02T14:55:06.490Z","v":0}
{"name":"provi-api","hostname":"ales-pro","pid":17366,"level":30,"msg":"Application is running on port 3000","time":"2020-02-02T14:55:06.979Z","v":0}
{"name":"provi-api","hostname":"ales-pro","pid":17376,"level":30,"msg":"Database connected on dbName provi","time":"2020-02-02T14:55:56.617Z","v":0}
{"name":"provi-api","hostname":"ales-pro","pid":17376,"level":30,"msg":"Application is running on port 3000","time":"2020-02-02T14:55:57.403Z","v":0}
{"name":"provi-api","hostname":"ales-pro","pid":17376,"level":30,"msg":"Creating cpf with 77470927093","time":"2020-02-02T14:56:13.676Z","v":0}
{"name":"provi-api","hostname":"ales-pro","pid":17376,"level":30,"msg":"The current event of endpoints sequence is 1","time":"2020-02-02T14:56:13.731Z","v":0}
{"name":"provi-api","hostname":"ales-pro","pid":17376,"level":30,"msg":"The current sequence of Endpoint is { _id: 'd0641ce2-19ed-4da3-a47d-4561169e420a',\n  event: 1,\n  order:\n   [ 'user',\n     'cpf',\n     'full-name',\n     'birth-date',\n     'phone-number',\n     'address',\n     'amount-requested' ] }","time":"2020-02-02T14:56:13.739Z","v":0}
{"name":"provi-api","hostname":"ales-pro","pid":17376,"level":30,"msg":"Getting the next endpoint to cpf full-name","time":"2020-02-02T14:56:13.749Z","v":0}
{"name":"provi-api","hostname":"ales-pro","pid":17392,"level":30,"msg":"Database connected on dbName provi","time":"2020-02-02T14:56:36.978Z","v":0}
{"name":"provi-api","hostname":"ales-pro","pid":17392,"level":30,"msg":"Application is running on port 3000","time":"2020-02-02T14:56:38.412Z","v":0}
{"name":"provi-api","hostname":"ales-pro","pid":17392,"level":30,"msg":"Creating cpf with 77470927093","time":"2020-02-02T14:56:41.559Z","v":0}
{"name":"provi-api","hostname":"ales-pro","pid":17392,"level":30,"msg":"The current event of endpoints sequence is 1","time":"2020-02-02T14:56:41.600Z","v":0}
{"name":"provi-api","hostname":"ales-pro","pid":17392,"level":30,"msg":"The current sequence of Endpoint is [ 'user',\n  'cpf',\n  'full-name',\n  'birth-date',\n  'phone-number',\n  'address',\n  'amount-requested' ]","time":"2020-02-02T14:56:41.604Z","v":0}
{"name":"provi-api","hostname":"ales-pro","pid":17392,"level":30,"msg":"Getting the next endpoint to cpf full-name","time":"2020-02-02T14:56:41.614Z","v":0}
{"name":"provi-api","hostname":"ales-pro","pid":17404,"level":30,"msg":"Database connected on dbName provi","time":"2020-02-02T14:58:02.969Z","v":0}
{"name":"provi-api","hostname":"ales-pro","pid":17404,"level":30,"msg":"Application is running on port 3000","time":"2020-02-02T14:58:03.944Z","v":0}
{"name":"provi-api","hostname":"ales-pro","pid":17647,"level":30,"msg":"Database connected on dbName provi","time":"2020-02-02T18:58:36.299Z","v":0}
{"name":"provi-api","hostname":"ales-pro","pid":17647,"level":30,"msg":"Application is running on port 3000","time":"2020-02-02T18:58:36.752Z","v":0}
{"name":"provi-api","hostname":"ales-pro","pid":17657,"level":30,"msg":"Database connected on dbName provi","time":"2020-02-02T19:00:38.411Z","v":0}
{"name":"provi-api","hostname":"ales-pro","pid":17657,"level":30,"msg":"Application is running on port 3000","time":"2020-02-02T19:00:40.129Z","v":0}
{"name":"provi-api","hostname":"ales-pro","pid":17669,"level":30,"msg":"Database connected on dbName provi","time":"2020-02-02T19:01:50.564Z","v":0}
{"name":"provi-api","hostname":"ales-pro","pid":17669,"level":30,"msg":"Application is running on port 3000","time":"2020-02-02T19:01:51.552Z","v":0}
{"name":"provi-api","hostname":"ales-pro","pid":17679,"level":30,"msg":"Database connected on dbName provi","time":"2020-02-02T19:01:55.012Z","v":0}
{"name":"provi-api","hostname":"ales-pro","pid":17679,"level":30,"msg":"Application is running on port 3000","time":"2020-02-02T19:01:55.303Z","v":0}
{"name":"provi-api","hostname":"ales-pro","pid":17698,"level":30,"msg":"Database connected on dbName provi","time":"2020-02-02T19:07:47.808Z","v":0}
{"name":"provi-api","hostname":"ales-pro","pid":17698,"level":30,"msg":"Application is running on port 3000","time":"2020-02-02T19:07:48.722Z","v":0}
{"name":"provi-api","hostname":"ales-pro","pid":17708,"level":30,"msg":"Database connected on dbName provi","time":"2020-02-02T19:08:06.535Z","v":0}
{"name":"provi-api","hostname":"ales-pro","pid":17708,"level":30,"msg":"Application is running on port 3000","time":"2020-02-02T19:08:09.068Z","v":0}
{"name":"provi-api","hostname":"ales-pro","pid":17708,"level":30,"msg":"Creating cpf with 77470927093","time":"2020-02-02T19:08:27.457Z","v":0}
{"name":"provi-api","hostname":"ales-pro","pid":17708,"level":30,"msg":"The current event of endpoints sequence is 1","time":"2020-02-02T19:08:27.532Z","v":0}
{"name":"provi-api","hostname":"ales-pro","pid":17708,"level":30,"msg":"The current sequence of Endpoint is [ 'user',\n  'cpf',\n  'full-name',\n  'birth-date',\n  'phone-number',\n  'address',\n  'amount-requested' ]","time":"2020-02-02T19:08:27.538Z","v":0}
{"name":"provi-api","hostname":"ales-pro","pid":17708,"level":30,"msg":"Getting the next endpoint to cpf full-name","time":"2020-02-02T19:08:27.568Z","v":0}
{"name":"provi-api","hostname":"ales-pro","pid":17708,"level":30,"msg":"Creating fullname with Alexandre Manoel da Silva","time":"2020-02-02T19:08:41.255Z","v":0}
{"name":"provi-api","hostname":"ales-pro","pid":17708,"level":30,"msg":"The current event of endpoints sequence is 1","time":"2020-02-02T19:08:41.267Z","v":0}
{"name":"provi-api","hostname":"ales-pro","pid":17708,"level":30,"msg":"The current sequence of Endpoint is [ 'user',\n  'cpf',\n  'full-name',\n  'birth-date',\n  'phone-number',\n  'address',\n  'amount-requested' ]","time":"2020-02-02T19:08:41.272Z","v":0}
{"name":"provi-api","hostname":"ales-pro","pid":17708,"level":30,"msg":"Getting the next endpoint to full-name birth-date","time":"2020-02-02T19:08:41.283Z","v":0}
{"name":"provi-api","hostname":"ales-pro","pid":17708,"level":30,"msg":"Creating birthdate with undefined","time":"2020-02-02T19:08:52.540Z","v":0}
{"name":"provi-api","hostname":"ales-pro","pid":17708,"level":30,"msg":"The current event of endpoints sequence is 1","time":"2020-02-02T19:08:52.547Z","v":0}
{"name":"provi-api","hostname":"ales-pro","pid":17708,"level":30,"msg":"The current sequence of Endpoint is [ 'user',\n  'cpf',\n  'full-name',\n  'birth-date',\n  'phone-number',\n  'address',\n  'amount-requested' ]","time":"2020-02-02T19:08:52.551Z","v":0}
{"name":"provi-api","hostname":"ales-pro","pid":17708,"level":30,"msg":"Getting the next endpoint to birth-date phone-number","time":"2020-02-02T19:08:52.750Z","v":0}
{"name":"provi-api","hostname":"ales-pro","pid":17708,"level":30,"msg":"Creating phonenumber with 11993199817","time":"2020-02-02T19:09:01.329Z","v":0}
{"name":"provi-api","hostname":"ales-pro","pid":17708,"level":30,"msg":"The current event of endpoints sequence is 1","time":"2020-02-02T19:09:01.333Z","v":0}
{"name":"provi-api","hostname":"ales-pro","pid":17708,"level":30,"msg":"The current sequence of Endpoint is [ 'user',\n  'cpf',\n  'full-name',\n  'birth-date',\n  'phone-number',\n  'address',\n  'amount-requested' ]","time":"2020-02-02T19:09:01.336Z","v":0}
{"name":"provi-api","hostname":"ales-pro","pid":17708,"level":30,"msg":"Getting the next endpoint to phone-number address","time":"2020-02-02T19:09:01.346Z","v":0}
{"name":"provi-api","hostname":"ales-pro","pid":17708,"level":30,"msg":"Creating address with the CEP  06462430","time":"2020-02-02T19:09:43.126Z","v":0}
{"name":"provi-api","hostname":"ales-pro","pid":17708,"level":30,"msg":"The current event of endpoints sequence is 1","time":"2020-02-02T19:09:43.138Z","v":0}
{"name":"provi-api","hostname":"ales-pro","pid":17708,"level":30,"msg":"The current sequence of Endpoint is [ 'user',\n  'cpf',\n  'full-name',\n  'birth-date',\n  'phone-number',\n  'address',\n  'amount-requested' ]","time":"2020-02-02T19:09:43.144Z","v":0}
{"name":"provi-api","hostname":"ales-pro","pid":17708,"level":30,"msg":"Getting the next endpoint to address amount-requested","time":"2020-02-02T19:09:43.542Z","v":0}
{"name":"provi-api","hostname":"ales-pro","pid":17708,"level":30,"msg":"Creating amountRequested with 100000","time":"2020-02-02T19:09:59.656Z","v":0}
{"name":"provi-api","hostname":"ales-pro","pid":17708,"level":30,"msg":"The current event of endpoints sequence is 1","time":"2020-02-02T19:09:59.658Z","v":0}
{"name":"provi-api","hostname":"ales-pro","pid":17708,"level":30,"msg":"The current sequence of Endpoint is [ 'user',\n  'cpf',\n  'full-name',\n  'birth-date',\n  'phone-number',\n  'address',\n  'amount-requested' ]","time":"2020-02-02T19:09:59.661Z","v":0}
{"name":"provi-api","hostname":"ales-pro","pid":17708,"level":30,"msg":"Getting the next endpoint to amount-requested undefined","time":"2020-02-02T19:09:59.664Z","v":0}
{"name":"provi-api","hostname":"ales-pro","pid":17708,"level":30,"msg":"Creating fullname with Alexandre Manoel da Silva","time":"2020-02-02T19:10:27.897Z","v":0}
{"name":"provi-api","hostname":"ales-pro","pid":17708,"level":30,"msg":"The current event of endpoints sequence is 1","time":"2020-02-02T19:10:27.911Z","v":0}
{"name":"provi-api","hostname":"ales-pro","pid":17708,"level":50,"msg":"There is an error on Fullname Adapter {\"message\":\"Ops, there is no endpoint sequence for the user alee\",\"statusCode\":400}","time":"2020-02-02T19:10:27.923Z","v":0}
{"name":"provi-api","hostname":"ales-pro","pid":17708,"level":30,"msg":"Creating fullname with Alexandre Manoel da Silva","time":"2020-02-02T19:15:34.770Z","v":0}
{"name":"provi-api","hostname":"ales-pro","pid":17708,"level":30,"msg":"The current event of endpoints sequence is 1","time":"2020-02-02T19:15:34.783Z","v":0}
{"name":"provi-api","hostname":"ales-pro","pid":17708,"level":30,"msg":"The current sequence of Endpoint is [ 'user',\n  'cpf',\n  'full-name',\n  'birth-date',\n  'phone-number',\n  'address',\n  'amount-requested',\n  'congrats' ]","time":"2020-02-02T19:15:34.837Z","v":0}
{"name":"provi-api","hostname":"ales-pro","pid":17708,"level":30,"msg":"Getting the next endpoint to full-name birth-date","time":"2020-02-02T19:15:34.864Z","v":0}
{"name":"provi-api","hostname":"ales-pro","pid":17708,"level":30,"msg":"Creating amountRequested with 100000","time":"2020-02-02T19:15:39.924Z","v":0}
{"name":"provi-api","hostname":"ales-pro","pid":17708,"level":30,"msg":"The current event of endpoints sequence is 1","time":"2020-02-02T19:15:39.929Z","v":0}
{"name":"provi-api","hostname":"ales-pro","pid":17708,"level":30,"msg":"The current sequence of Endpoint is [ 'user',\n  'cpf',\n  'full-name',\n  'birth-date',\n  'phone-number',\n  'address',\n  'amount-requested',\n  'congrats' ]","time":"2020-02-02T19:15:39.932Z","v":0}
{"name":"provi-api","hostname":"ales-pro","pid":17708,"level":30,"msg":"Getting the next endpoint to amount-requested congrats","time":"2020-02-02T19:15:39.938Z","v":0}
{"name":"provi-api","hostname":"ales-pro","pid":17708,"level":30,"msg":"Creating cpf with 77470927093","time":"2020-02-02T19:16:29.082Z","v":0}
{"name":"provi-api","hostname":"ales-pro","pid":17708,"level":30,"msg":"The current event of endpoints sequence is 1","time":"2020-02-02T19:16:29.086Z","v":0}
{"name":"provi-api","hostname":"ales-pro","pid":17708,"level":30,"msg":"The current sequence of Endpoint is [ 'user',\n  'cpf',\n  'full-name',\n  'birth-date',\n  'phone-number',\n  'address',\n  'amount-requested',\n  'congrats' ]","time":"2020-02-02T19:16:29.092Z","v":0}
{"name":"provi-api","hostname":"ales-pro","pid":17708,"level":30,"msg":"Getting the next endpoint to cpf full-name","time":"2020-02-02T19:16:29.102Z","v":0}
{"name":"provi-api","hostname":"ales-pro","pid":17739,"level":30,"msg":"Database connected on dbName provi","time":"2020-02-02T19:16:54.915Z","v":0}
{"name":"provi-api","hostname":"ales-pro","pid":17739,"level":30,"msg":"Application is running on port 3000","time":"2020-02-02T19:16:56.332Z","v":0}
{"name":"provi-api","hostname":"ales-pro","pid":17739,"level":30,"msg":"Creating cpf with 77470927093","time":"2020-02-02T19:16:59.569Z","v":0}
{"name":"provi-api","hostname":"ales-pro","pid":17739,"level":30,"msg":"The current event of endpoints sequence is 1","time":"2020-02-02T19:16:59.602Z","v":0}
{"name":"provi-api","hostname":"ales-pro","pid":17739,"level":30,"msg":"The current sequence of Endpoint is [ [ 'user',\n    'bolinha',\n    'full-name',\n    'birth-date',\n    'cpf',\n    'address',\n    'amount-requested',\n    'congrats' ] ]","time":"2020-02-02T19:16:59.609Z","v":0}
{"name":"provi-api","hostname":"ales-pro","pid":17739,"level":30,"msg":"Getting the next endpoint to cpf [ 'user',\n  'bolinha',\n  'full-name',\n  'birth-date',\n  'cpf',\n  'address',\n  'amount-requested',\n  'congrats' ]","time":"2020-02-02T19:16:59.622Z","v":0}
{"name":"provi-api","hostname":"ales-pro","pid":17739,"level":30,"msg":"Creating cpf with 77470927093","time":"2020-02-02T19:19:09.384Z","v":0}
{"name":"provi-api","hostname":"ales-pro","pid":17739,"level":30,"msg":"The current event of endpoints sequence is 1","time":"2020-02-02T19:19:09.401Z","v":0}
{"name":"provi-api","hostname":"ales-pro","pid":17739,"level":30,"msg":"The current sequence of Endpoint is [ 'user',\n  'bolinha',\n  'full-name',\n  'birth-date',\n  'cpf',\n  'address',\n  'amount-requested',\n  'congrats' ]","time":"2020-02-02T19:19:09.408Z","v":0}
{"name":"provi-api","hostname":"ales-pro","pid":17739,"level":30,"msg":"Getting the next endpoint to cpf address","time":"2020-02-02T19:19:09.415Z","v":0}
{"name":"provi-api","hostname":"ales-pro","pid":17769,"level":30,"msg":"Database connected on dbName provi","time":"2020-02-02T19:19:25.966Z","v":0}
{"name":"provi-api","hostname":"ales-pro","pid":17769,"level":30,"msg":"Application is running on port 3000","time":"2020-02-02T19:19:26.753Z","v":0}
{"name":"provi-api","hostname":"ales-pro","pid":17769,"level":30,"msg":"Creating cpf with 77470927093","time":"2020-02-02T19:19:29.584Z","v":0}
{"name":"provi-api","hostname":"ales-pro","pid":17769,"level":30,"msg":"The current event of endpoints sequence is 1","time":"2020-02-02T19:19:29.638Z","v":0}
{"name":"provi-api","hostname":"ales-pro","pid":17769,"level":30,"msg":"The current sequence of Endpoint is [ 'user',\n  'cpf',\n  'full-name',\n  'birth-date',\n  'phone-number',\n  'address',\n  'amount-requested',\n  'congrats' ]","time":"2020-02-02T19:19:29.643Z","v":0}
{"name":"provi-api","hostname":"ales-pro","pid":17769,"level":30,"msg":"Getting the next endpoint to cpf full-name","time":"2020-02-02T19:19:29.652Z","v":0}
{"name":"provi-api","hostname":"ales-pro","pid":17783,"level":30,"msg":"Database connected on dbName provi","time":"2020-02-02T19:26:10.438Z","v":0}
{"name":"provi-api","hostname":"ales-pro","pid":17783,"level":30,"msg":"Application is running on port 3000","time":"2020-02-02T19:26:11.148Z","v":0}
{"name":"provi-api","hostname":"ales-pro","pid":17823,"level":30,"msg":"Database connected on dbName provi","time":"2020-02-02T19:28:25.867Z","v":0}
{"name":"provi-api","hostname":"ales-pro","pid":17823,"level":30,"msg":"Application is running on port 3000","time":"2020-02-02T19:28:26.692Z","v":0}
{"name":"provi-api","hostname":"ales-pro","pid":17836,"level":30,"msg":"Database connected on dbName provi","time":"2020-02-02T19:28:54.210Z","v":0}
{"name":"provi-api","hostname":"ales-pro","pid":17836,"level":30,"msg":"Application is running on port 3000","time":"2020-02-02T19:28:54.592Z","v":0}
{"name":"provi-api","hostname":"ales-pro","pid":17846,"level":30,"msg":"Database connected on dbName provi","time":"2020-02-02T19:28:56.987Z","v":0}
{"name":"provi-api","hostname":"ales-pro","pid":17846,"level":30,"msg":"Application is running on port 3000","time":"2020-02-02T19:28:57.542Z","v":0}
{"name":"provi-api","hostname":"ales-pro","pid":17915,"level":30,"msg":"Database connected on dbName provi","time":"2020-02-02T19:31:01.534Z","v":0}
{"name":"provi-api","hostname":"ales-pro","pid":17915,"level":30,"msg":"Application is running on port 3000","time":"2020-02-02T19:31:02.135Z","v":0}
{"name":"provi-api","hostname":"ales-pro","pid":17928,"level":30,"msg":"Database connected on dbName provi","time":"2020-02-02T19:31:32.738Z","v":0}
{"name":"provi-api","hostname":"ales-pro","pid":17928,"level":30,"msg":"Application is running on port 3000","time":"2020-02-02T19:31:33.417Z","v":0}
{"name":"provi-api","hostname":"ales-pro","pid":17942,"level":30,"msg":"Database connected on dbName provi","time":"2020-02-02T19:31:55.059Z","v":0}
{"name":"provi-api","hostname":"ales-pro","pid":17942,"level":30,"msg":"Application is running on port 3000","time":"2020-02-02T19:31:55.598Z","v":0}
{"name":"provi-api","hostname":"ales-pro","pid":17952,"level":30,"msg":"Database connected on dbName provi","time":"2020-02-02T19:32:05.422Z","v":0}
{"name":"provi-api","hostname":"ales-pro","pid":17952,"level":30,"msg":"Application is running on port 3000","time":"2020-02-02T19:32:05.965Z","v":0}
{"name":"provi-api","hostname":"ales-pro","pid":18846,"level":30,"msg":"Database connected on dbName provi","time":"2020-02-02T23:10:35.510Z","v":0}
{"name":"provi-api","hostname":"ales-pro","pid":18846,"level":30,"msg":"Application is running on port 3000","time":"2020-02-02T23:10:35.979Z","v":0}
{"name":"provi-api","hostname":"ales-pro","pid":20394,"level":30,"msg":"Database connected on dbName provi","time":"2020-02-02T23:40:50.771Z","v":0}
{"name":"provi-api","hostname":"ales-pro","pid":20394,"level":30,"msg":"Application is running on port 3000","time":"2020-02-02T23:40:51.256Z","v":0}
{"name":"provi-api","hostname":"ales-pro","pid":20394,"level":30,"msg":"Creating user with { email: 'alee', password: '123' }","time":"2020-02-02T23:41:00.885Z","v":0}
{"name":"provi-api","hostname":"ales-pro","pid":20394,"level":50,"msg":"There is an error on SignUp Adapter {\"message\":\"User already exist\",\"statusCode\":400}","time":"2020-02-02T23:41:01.054Z","v":0}
{"name":"provi-api","hostname":"ales-pro","pid":20394,"level":30,"msg":"Creating user with { email: 'ale6e', password: '123' }","time":"2020-02-02T23:41:07.132Z","v":0}
{"name":"provi-api","hostname":"ales-pro","pid":20394,"level":30,"msg":"Creating cpf with 77470927093","time":"2020-02-02T23:41:29.472Z","v":0}
{"name":"provi-api","hostname":"ales-pro","pid":20394,"level":30,"msg":"The current event of endpoints sequence is 1","time":"2020-02-02T23:41:29.477Z","v":0}
{"name":"provi-api","hostname":"ales-pro","pid":20394,"level":30,"msg":"The current sequence of Endpoint is [ 'user',\n  'cpf',\n  'full-name',\n  'birth-date',\n  'phone-number',\n  'address',\n  'amount-requested',\n  'congrats' ]","time":"2020-02-02T23:41:29.482Z","v":0}
{"name":"provi-api","hostname":"ales-pro","pid":20394,"level":30,"msg":"Getting the next endpoint to cpf full-name","time":"2020-02-02T23:41:29.506Z","v":0}
{"name":"provi-api","hostname":"ales-pro","pid":20394,"level":30,"msg":"Creating fullname with Alexandre Manoel da Silva","time":"2020-02-02T23:41:37.516Z","v":0}
{"name":"provi-api","hostname":"ales-pro","pid":20394,"level":30,"msg":"The current event of endpoints sequence is 1","time":"2020-02-02T23:41:37.521Z","v":0}
{"name":"provi-api","hostname":"ales-pro","pid":20394,"level":30,"msg":"The current sequence of Endpoint is [ 'user',\n  'cpf',\n  'full-name',\n  'birth-date',\n  'phone-number',\n  'address',\n  'amount-requested',\n  'congrats' ]","time":"2020-02-02T23:41:37.523Z","v":0}
{"name":"provi-api","hostname":"ales-pro","pid":20394,"level":30,"msg":"Getting the next endpoint to full-name birth-date","time":"2020-02-02T23:41:37.531Z","v":0}
{"name":"provi-api","hostname":"ales-pro","pid":20394,"level":30,"msg":"Creating birthdate with undefined","time":"2020-02-02T23:41:47.242Z","v":0}
{"name":"provi-api","hostname":"ales-pro","pid":20394,"level":30,"msg":"The current event of endpoints sequence is 1","time":"2020-02-02T23:41:47.273Z","v":0}
{"name":"provi-api","hostname":"ales-pro","pid":20394,"level":30,"msg":"The current sequence of Endpoint is [ 'user',\n  'cpf',\n  'full-name',\n  'birth-date',\n  'phone-number',\n  'address',\n  'amount-requested',\n  'congrats' ]","time":"2020-02-02T23:41:47.277Z","v":0}
{"name":"provi-api","hostname":"ales-pro","pid":20394,"level":30,"msg":"Getting the next endpoint to birth-date phone-number","time":"2020-02-02T23:41:47.308Z","v":0}
{"name":"provi-api","hostname":"ales-pro","pid":20394,"level":30,"msg":"Creating phonenumber with 11993199817","time":"2020-02-02T23:41:54.801Z","v":0}
{"name":"provi-api","hostname":"ales-pro","pid":20394,"level":30,"msg":"The current event of endpoints sequence is 1","time":"2020-02-02T23:41:54.805Z","v":0}
{"name":"provi-api","hostname":"ales-pro","pid":20394,"level":30,"msg":"The current sequence of Endpoint is [ 'user',\n  'cpf',\n  'full-name',\n  'birth-date',\n  'phone-number',\n  'address',\n  'amount-requested',\n  'congrats' ]","time":"2020-02-02T23:41:54.809Z","v":0}
{"name":"provi-api","hostname":"ales-pro","pid":20394,"level":30,"msg":"Getting the next endpoint to phone-number address","time":"2020-02-02T23:41:54.816Z","v":0}
{"name":"provi-api","hostname":"ales-pro","pid":20394,"level":30,"msg":"Creating address with the CEP  06462430","time":"2020-02-02T23:42:02.179Z","v":0}
{"name":"provi-api","hostname":"ales-pro","pid":20394,"level":30,"msg":"The current event of endpoints sequence is 1","time":"2020-02-02T23:42:02.181Z","v":0}
{"name":"provi-api","hostname":"ales-pro","pid":20394,"level":30,"msg":"The current sequence of Endpoint is [ 'user',\n  'cpf',\n  'full-name',\n  'birth-date',\n  'phone-number',\n  'address',\n  'amount-requested',\n  'congrats' ]","time":"2020-02-02T23:42:02.184Z","v":0}
{"name":"provi-api","hostname":"ales-pro","pid":20394,"level":30,"msg":"Getting the next endpoint to address amount-requested","time":"2020-02-02T23:42:02.343Z","v":0}
{"name":"provi-api","hostname":"ales-pro","pid":20394,"level":30,"msg":"Creating amountRequested with 100000","time":"2020-02-02T23:42:09.520Z","v":0}
{"name":"provi-api","hostname":"ales-pro","pid":20394,"level":30,"msg":"The current event of endpoints sequence is 1","time":"2020-02-02T23:42:09.524Z","v":0}
{"name":"provi-api","hostname":"ales-pro","pid":20394,"level":30,"msg":"The current sequence of Endpoint is [ 'user',\n  'cpf',\n  'full-name',\n  'birth-date',\n  'phone-number',\n  'address',\n  'amount-requested',\n  'congrats' ]","time":"2020-02-02T23:42:09.530Z","v":0}
{"name":"provi-api","hostname":"ales-pro","pid":20394,"level":30,"msg":"Getting the next endpoint to amount-requested congrats","time":"2020-02-02T23:42:09.537Z","v":0}
{"name":"provi-api","hostname":"ales-pro","pid":20394,"level":30,"msg":"Making login with user email alee","time":"2020-02-02T23:42:44.180Z","v":0}
